<?xml version="1.0" encoding="UTF-8"?>
<!-- Generated by org.testng.reporters.JUnitReportReporter -->
<testsuite skipped="0" hostname="DESKTOP-8AT6061" name="com.mit.NewTest" tests="1" failures="0" timestamp="2021-12-12T12:52:13 IST" time="0.005" errors="0">
  <testcase name="f" time="0.005" classname="com.mit.NewTest"/>
  <system-out/>
</testsuite> <!-- com.mit.NewTest -->
